<?xml version="1.0" encoding="UTF-8"?>
<testsuite xmlns:xsi="http://www.w3.org/2001/XMLSchema-instance" xsi:noNamespaceSchemaLocation="https://maven.apache.org/surefire/maven-surefire-plugin/xsd/surefire-test-report-3.0.xsd" version="3.0" name="org.aniket.quick.mac.cache.ProcessApplicationMappingTest" time="0.035" tests="1" errors="0" skipped="0" failures="0">
  <properties>
    <property name="java.specification.version" value="17"/>
    <property name="sun.jnu.encoding" value="UTF-8"/>
    <property name="java.class.path" value="/Users/raniket/IdeaProjects/quick-mac/target/test-classes:/Users/raniket/IdeaProjects/quick-mac/target/classes:/Users/raniket/.m2/repository/org/springframework/shell/spring-shell-starter/3.2.1/spring-shell-starter-3.2.1.jar:/Users/raniket/.m2/repository/org/springframework/shell/spring-shell-autoconfigure/3.2.1/spring-shell-autoconfigure-3.2.1.jar:/Users/raniket/.m2/repository/org/springframework/boot/spring-boot-autoconfigure/3.2.2/spring-boot-autoconfigure-3.2.2.jar:/Users/raniket/.m2/repository/org/springframework/shell/spring-shell-core/3.2.1/spring-shell-core-3.2.1.jar:/Users/raniket/.m2/repository/org/springframework/boot/spring-boot-starter-validation/3.2.2/spring-boot-starter-validation-3.2.2.jar:/Users/raniket/.m2/repository/org/apache/tomcat/embed/tomcat-embed-el/10.1.18/tomcat-embed-el-10.1.18.jar:/Users/raniket/.m2/repository/org/hibernate/validator/hibernate-validator/8.0.1.Final/hibernate-validator-8.0.1.Final.jar:/Users/raniket/.m2/repository/jakarta/validation/jakarta.validation-api/3.0.2/jakarta.validation-api-3.0.2.jar:/Users/raniket/.m2/repository/org/jboss/logging/jboss-logging/3.5.3.Final/jboss-logging-3.5.3.Final.jar:/Users/raniket/.m2/repository/com/fasterxml/classmate/1.6.0/classmate-1.6.0.jar:/Users/raniket/.m2/repository/org/springframework/spring-messaging/6.1.3/spring-messaging-6.1.3.jar:/Users/raniket/.m2/repository/org/springframework/spring-beans/6.1.3/spring-beans-6.1.3.jar:/Users/raniket/.m2/repository/io/projectreactor/reactor-core/3.6.2/reactor-core-3.6.2.jar:/Users/raniket/.m2/repository/org/reactivestreams/reactive-streams/1.0.4/reactive-streams-1.0.4.jar:/Users/raniket/.m2/repository/org/jline/jline-console/3.25.0/jline-console-3.25.0.jar:/Users/raniket/.m2/repository/org/jline/jline-builtins/3.25.0/jline-builtins-3.25.0.jar:/Users/raniket/.m2/repository/org/jline/jline-reader/3.25.0/jline-reader-3.25.0.jar:/Users/raniket/.m2/repository/org/jline/jline-style/3.25.0/jline-style-3.25.0.jar:/Users/raniket/.m2/repository/org/jline/jline-terminal/3.25.0/jline-terminal-3.25.0.jar:/Users/raniket/.m2/repository/org/jline/jline-native/3.25.0/jline-native-3.25.0.jar:/Users/raniket/.m2/repository/org/antlr/ST4/4.3.3/ST4-4.3.3.jar:/Users/raniket/.m2/repository/org/antlr/antlr-runtime/3.5.2/antlr-runtime-3.5.2.jar:/Users/raniket/.m2/repository/commons-io/commons-io/2.11.0/commons-io-2.11.0.jar:/Users/raniket/.m2/repository/org/springframework/shell/spring-shell-standard/3.2.1/spring-shell-standard-3.2.1.jar:/Users/raniket/.m2/repository/org/springframework/shell/spring-shell-standard-commands/3.2.1/spring-shell-standard-commands-3.2.1.jar:/Users/raniket/.m2/repository/org/springframework/shell/spring-shell-table/3.2.1/spring-shell-table-3.2.1.jar:/Users/raniket/.m2/repository/org/springframework/spring-context/6.1.3/spring-context-6.1.3.jar:/Users/raniket/.m2/repository/org/springframework/spring-aop/6.1.3/spring-aop-6.1.3.jar:/Users/raniket/.m2/repository/org/springframework/spring-expression/6.1.3/spring-expression-6.1.3.jar:/Users/raniket/.m2/repository/io/micrometer/micrometer-observation/1.12.2/micrometer-observation-1.12.2.jar:/Users/raniket/.m2/repository/io/micrometer/micrometer-commons/1.12.2/micrometer-commons-1.12.2.jar:/Users/raniket/.m2/repository/org/springframework/boot/spring-boot-starter/3.2.2/spring-boot-starter-3.2.2.jar:/Users/raniket/.m2/repository/org/springframework/boot/spring-boot/3.2.2/spring-boot-3.2.2.jar:/Users/raniket/.m2/repository/org/springframework/boot/spring-boot-starter-logging/3.2.2/spring-boot-starter-logging-3.2.2.jar:/Users/raniket/.m2/repository/ch/qos/logback/logback-classic/1.4.14/logback-classic-1.4.14.jar:/Users/raniket/.m2/repository/ch/qos/logback/logback-core/1.4.14/logback-core-1.4.14.jar:/Users/raniket/.m2/repository/org/apache/logging/log4j/log4j-to-slf4j/2.21.1/log4j-to-slf4j-2.21.1.jar:/Users/raniket/.m2/repository/org/apache/logging/log4j/log4j-api/2.21.1/log4j-api-2.21.1.jar:/Users/raniket/.m2/repository/org/slf4j/jul-to-slf4j/2.0.11/jul-to-slf4j-2.0.11.jar:/Users/raniket/.m2/repository/jakarta/annotation/jakarta.annotation-api/2.1.1/jakarta.annotation-api-2.1.1.jar:/Users/raniket/.m2/repository/org/yaml/snakeyaml/2.2/snakeyaml-2.2.jar:/Users/raniket/.m2/repository/org/springframework/boot/spring-boot-starter-test/3.2.2/spring-boot-starter-test-3.2.2.jar:/Users/raniket/.m2/repository/org/springframework/boot/spring-boot-test/3.2.2/spring-boot-test-3.2.2.jar:/Users/raniket/.m2/repository/org/springframework/boot/spring-boot-test-autoconfigure/3.2.2/spring-boot-test-autoconfigure-3.2.2.jar:/Users/raniket/.m2/repository/com/jayway/jsonpath/json-path/2.8.0/json-path-2.8.0.jar:/Users/raniket/.m2/repository/org/slf4j/slf4j-api/2.0.11/slf4j-api-2.0.11.jar:/Users/raniket/.m2/repository/jakarta/xml/bind/jakarta.xml.bind-api/4.0.1/jakarta.xml.bind-api-4.0.1.jar:/Users/raniket/.m2/repository/jakarta/activation/jakarta.activation-api/2.1.2/jakarta.activation-api-2.1.2.jar:/Users/raniket/.m2/repository/net/minidev/json-smart/2.5.0/json-smart-2.5.0.jar:/Users/raniket/.m2/repository/net/minidev/accessors-smart/2.5.0/accessors-smart-2.5.0.jar:/Users/raniket/.m2/repository/org/ow2/asm/asm/9.3/asm-9.3.jar:/Users/raniket/.m2/repository/org/assertj/assertj-core/3.24.2/assertj-core-3.24.2.jar:/Users/raniket/.m2/repository/net/bytebuddy/byte-buddy/1.14.11/byte-buddy-1.14.11.jar:/Users/raniket/.m2/repository/org/awaitility/awaitility/4.2.0/awaitility-4.2.0.jar:/Users/raniket/.m2/repository/org/hamcrest/hamcrest/2.2/hamcrest-2.2.jar:/Users/raniket/.m2/repository/org/junit/jupiter/junit-jupiter/5.10.1/junit-jupiter-5.10.1.jar:/Users/raniket/.m2/repository/org/junit/jupiter/junit-jupiter-api/5.10.1/junit-jupiter-api-5.10.1.jar:/Users/raniket/.m2/repository/org/opentest4j/opentest4j/1.3.0/opentest4j-1.3.0.jar:/Users/raniket/.m2/repository/org/junit/platform/junit-platform-commons/1.10.1/junit-platform-commons-1.10.1.jar:/Users/raniket/.m2/repository/org/apiguardian/apiguardian-api/1.1.2/apiguardian-api-1.1.2.jar:/Users/raniket/.m2/repository/org/junit/jupiter/junit-jupiter-params/5.10.1/junit-jupiter-params-5.10.1.jar:/Users/raniket/.m2/repository/org/junit/jupiter/junit-jupiter-engine/5.10.1/junit-jupiter-engine-5.10.1.jar:/Users/raniket/.m2/repository/org/junit/platform/junit-platform-engine/1.10.1/junit-platform-engine-1.10.1.jar:/Users/raniket/.m2/repository/org/mockito/mockito-core/5.7.0/mockito-core-5.7.0.jar:/Users/raniket/.m2/repository/net/bytebuddy/byte-buddy-agent/1.14.11/byte-buddy-agent-1.14.11.jar:/Users/raniket/.m2/repository/org/objenesis/objenesis/3.3/objenesis-3.3.jar:/Users/raniket/.m2/repository/org/mockito/mockito-junit-jupiter/5.7.0/mockito-junit-jupiter-5.7.0.jar:/Users/raniket/.m2/repository/org/skyscreamer/jsonassert/1.5.1/jsonassert-1.5.1.jar:/Users/raniket/.m2/repository/com/vaadin/external/google/android-json/0.0.20131108.vaadin1/android-json-0.0.20131108.vaadin1.jar:/Users/raniket/.m2/repository/org/springframework/spring-core/6.1.3/spring-core-6.1.3.jar:/Users/raniket/.m2/repository/org/springframework/spring-jcl/6.1.3/spring-jcl-6.1.3.jar:/Users/raniket/.m2/repository/org/springframework/spring-test/6.1.3/spring-test-6.1.3.jar:/Users/raniket/.m2/repository/org/xmlunit/xmlunit-core/2.9.1/xmlunit-core-2.9.1.jar:/Users/raniket/.m2/repository/org/projectlombok/lombok/1.18.30/lombok-1.18.30.jar:/Users/raniket/.m2/repository/org/fusesource/jansi/jansi/2.3.2/jansi-2.3.2.jar:/Users/raniket/.m2/repository/org/apache/commons/commons-text/1.9/commons-text-1.9.jar:/Users/raniket/.m2/repository/org/apache/commons/commons-lang3/3.13.0/commons-lang3-3.13.0.jar:/Users/raniket/.m2/repository/fr/bmartel/jspeedtest/1.30.1/jspeedtest-1.30.1.jar:/Users/raniket/.m2/repository/commons-net/commons-net/3.6/commons-net-3.6.jar:/Users/raniket/.m2/repository/fr/bmartel/http-endec/1.04/http-endec-1.04.jar:/Users/raniket/.m2/repository/com/google/guava/guava/19.0/guava-19.0.jar:/Users/raniket/.m2/repository/junit/junit/4.13.2/junit-4.13.2.jar:/Users/raniket/.m2/repository/org/hamcrest/hamcrest-core/2.2/hamcrest-core-2.2.jar:/Users/raniket/.m2/repository/com/fasterxml/jackson/core/jackson-databind/2.12.1/jackson-databind-2.12.1.jar:/Users/raniket/.m2/repository/com/fasterxml/jackson/core/jackson-annotations/2.15.3/jackson-annotations-2.15.3.jar:/Users/raniket/.m2/repository/com/fasterxml/jackson/core/jackson-core/2.12.1/jackson-core-2.12.1.jar:"/>
    <property name="java.vm.vendor" value="Oracle Corporation"/>
    <property name="sun.arch.data.model" value="64"/>
    <property name="java.vendor.url" value="https://java.oracle.com/"/>
    <property name="os.name" value="Mac OS X"/>
    <property name="java.vm.specification.version" value="17"/>
    <property name="sun.java.launcher" value="SUN_STANDARD"/>
    <property name="user.country" value="IN"/>
    <property name="sun.boot.library.path" value="/Library/Java/JavaVirtualMachines/jdk-17.jdk/Contents/Home/lib"/>
    <property name="sun.java.command" value="/Users/raniket/IdeaProjects/quick-mac/target/surefire/surefirebooter-20240409142804995_3.jar /Users/raniket/IdeaProjects/quick-mac/target/surefire 2024-04-09T14-28-04_910-jvmRun1 surefire-20240409142804995_1tmp surefire_0-20240409142804995_2tmp"/>
    <property name="jdk.debug" value="release"/>
    <property name="surefire.test.class.path" value="/Users/raniket/IdeaProjects/quick-mac/target/test-classes:/Users/raniket/IdeaProjects/quick-mac/target/classes:/Users/raniket/.m2/repository/org/springframework/shell/spring-shell-starter/3.2.1/spring-shell-starter-3.2.1.jar:/Users/raniket/.m2/repository/org/springframework/shell/spring-shell-autoconfigure/3.2.1/spring-shell-autoconfigure-3.2.1.jar:/Users/raniket/.m2/repository/org/springframework/boot/spring-boot-autoconfigure/3.2.2/spring-boot-autoconfigure-3.2.2.jar:/Users/raniket/.m2/repository/org/springframework/shell/spring-shell-core/3.2.1/spring-shell-core-3.2.1.jar:/Users/raniket/.m2/repository/org/springframework/boot/spring-boot-starter-validation/3.2.2/spring-boot-starter-validation-3.2.2.jar:/Users/raniket/.m2/repository/org/apache/tomcat/embed/tomcat-embed-el/10.1.18/tomcat-embed-el-10.1.18.jar:/Users/raniket/.m2/repository/org/hibernate/validator/hibernate-validator/8.0.1.Final/hibernate-validator-8.0.1.Final.jar:/Users/raniket/.m2/repository/jakarta/validation/jakarta.validation-api/3.0.2/jakarta.validation-api-3.0.2.jar:/Users/raniket/.m2/repository/org/jboss/logging/jboss-logging/3.5.3.Final/jboss-logging-3.5.3.Final.jar:/Users/raniket/.m2/repository/com/fasterxml/classmate/1.6.0/classmate-1.6.0.jar:/Users/raniket/.m2/repository/org/springframework/spring-messaging/6.1.3/spring-messaging-6.1.3.jar:/Users/raniket/.m2/repository/org/springframework/spring-beans/6.1.3/spring-beans-6.1.3.jar:/Users/raniket/.m2/repository/io/projectreactor/reactor-core/3.6.2/reactor-core-3.6.2.jar:/Users/raniket/.m2/repository/org/reactivestreams/reactive-streams/1.0.4/reactive-streams-1.0.4.jar:/Users/raniket/.m2/repository/org/jline/jline-console/3.25.0/jline-console-3.25.0.jar:/Users/raniket/.m2/repository/org/jline/jline-builtins/3.25.0/jline-builtins-3.25.0.jar:/Users/raniket/.m2/repository/org/jline/jline-reader/3.25.0/jline-reader-3.25.0.jar:/Users/raniket/.m2/repository/org/jline/jline-style/3.25.0/jline-style-3.25.0.jar:/Users/raniket/.m2/repository/org/jline/jline-terminal/3.25.0/jline-terminal-3.25.0.jar:/Users/raniket/.m2/repository/org/jline/jline-native/3.25.0/jline-native-3.25.0.jar:/Users/raniket/.m2/repository/org/antlr/ST4/4.3.3/ST4-4.3.3.jar:/Users/raniket/.m2/repository/org/antlr/antlr-runtime/3.5.2/antlr-runtime-3.5.2.jar:/Users/raniket/.m2/repository/commons-io/commons-io/2.11.0/commons-io-2.11.0.jar:/Users/raniket/.m2/repository/org/springframework/shell/spring-shell-standard/3.2.1/spring-shell-standard-3.2.1.jar:/Users/raniket/.m2/repository/org/springframework/shell/spring-shell-standard-commands/3.2.1/spring-shell-standard-commands-3.2.1.jar:/Users/raniket/.m2/repository/org/springframework/shell/spring-shell-table/3.2.1/spring-shell-table-3.2.1.jar:/Users/raniket/.m2/repository/org/springframework/spring-context/6.1.3/spring-context-6.1.3.jar:/Users/raniket/.m2/repository/org/springframework/spring-aop/6.1.3/spring-aop-6.1.3.jar:/Users/raniket/.m2/repository/org/springframework/spring-expression/6.1.3/spring-expression-6.1.3.jar:/Users/raniket/.m2/repository/io/micrometer/micrometer-observation/1.12.2/micrometer-observation-1.12.2.jar:/Users/raniket/.m2/repository/io/micrometer/micrometer-commons/1.12.2/micrometer-commons-1.12.2.jar:/Users/raniket/.m2/repository/org/springframework/boot/spring-boot-starter/3.2.2/spring-boot-starter-3.2.2.jar:/Users/raniket/.m2/repository/org/springframework/boot/spring-boot/3.2.2/spring-boot-3.2.2.jar:/Users/raniket/.m2/repository/org/springframework/boot/spring-boot-starter-logging/3.2.2/spring-boot-starter-logging-3.2.2.jar:/Users/raniket/.m2/repository/ch/qos/logback/logback-classic/1.4.14/logback-classic-1.4.14.jar:/Users/raniket/.m2/repository/ch/qos/logback/logback-core/1.4.14/logback-core-1.4.14.jar:/Users/raniket/.m2/repository/org/apache/logging/log4j/log4j-to-slf4j/2.21.1/log4j-to-slf4j-2.21.1.jar:/Users/raniket/.m2/repository/org/apache/logging/log4j/log4j-api/2.21.1/log4j-api-2.21.1.jar:/Users/raniket/.m2/repository/org/slf4j/jul-to-slf4j/2.0.11/jul-to-slf4j-2.0.11.jar:/Users/raniket/.m2/repository/jakarta/annotation/jakarta.annotation-api/2.1.1/jakarta.annotation-api-2.1.1.jar:/Users/raniket/.m2/repository/org/yaml/snakeyaml/2.2/snakeyaml-2.2.jar:/Users/raniket/.m2/repository/org/springframework/boot/spring-boot-starter-test/3.2.2/spring-boot-starter-test-3.2.2.jar:/Users/raniket/.m2/repository/org/springframework/boot/spring-boot-test/3.2.2/spring-boot-test-3.2.2.jar:/Users/raniket/.m2/repository/org/springframework/boot/spring-boot-test-autoconfigure/3.2.2/spring-boot-test-autoconfigure-3.2.2.jar:/Users/raniket/.m2/repository/com/jayway/jsonpath/json-path/2.8.0/json-path-2.8.0.jar:/Users/raniket/.m2/repository/org/slf4j/slf4j-api/2.0.11/slf4j-api-2.0.11.jar:/Users/raniket/.m2/repository/jakarta/xml/bind/jakarta.xml.bind-api/4.0.1/jakarta.xml.bind-api-4.0.1.jar:/Users/raniket/.m2/repository/jakarta/activation/jakarta.activation-api/2.1.2/jakarta.activation-api-2.1.2.jar:/Users/raniket/.m2/repository/net/minidev/json-smart/2.5.0/json-smart-2.5.0.jar:/Users/raniket/.m2/repository/net/minidev/accessors-smart/2.5.0/accessors-smart-2.5.0.jar:/Users/raniket/.m2/repository/org/ow2/asm/asm/9.3/asm-9.3.jar:/Users/raniket/.m2/repository/org/assertj/assertj-core/3.24.2/assertj-core-3.24.2.jar:/Users/raniket/.m2/repository/net/bytebuddy/byte-buddy/1.14.11/byte-buddy-1.14.11.jar:/Users/raniket/.m2/repository/org/awaitility/awaitility/4.2.0/awaitility-4.2.0.jar:/Users/raniket/.m2/repository/org/hamcrest/hamcrest/2.2/hamcrest-2.2.jar:/Users/raniket/.m2/repository/org/junit/jupiter/junit-jupiter/5.10.1/junit-jupiter-5.10.1.jar:/Users/raniket/.m2/repository/org/junit/jupiter/junit-jupiter-api/5.10.1/junit-jupiter-api-5.10.1.jar:/Users/raniket/.m2/repository/org/opentest4j/opentest4j/1.3.0/opentest4j-1.3.0.jar:/Users/raniket/.m2/repository/org/junit/platform/junit-platform-commons/1.10.1/junit-platform-commons-1.10.1.jar:/Users/raniket/.m2/repository/org/apiguardian/apiguardian-api/1.1.2/apiguardian-api-1.1.2.jar:/Users/raniket/.m2/repository/org/junit/jupiter/junit-jupiter-params/5.10.1/junit-jupiter-params-5.10.1.jar:/Users/raniket/.m2/repository/org/junit/jupiter/junit-jupiter-engine/5.10.1/junit-jupiter-engine-5.10.1.jar:/Users/raniket/.m2/repository/org/junit/platform/junit-platform-engine/1.10.1/junit-platform-engine-1.10.1.jar:/Users/raniket/.m2/repository/org/mockito/mockito-core/5.7.0/mockito-core-5.7.0.jar:/Users/raniket/.m2/repository/net/bytebuddy/byte-buddy-agent/1.14.11/byte-buddy-agent-1.14.11.jar:/Users/raniket/.m2/repository/org/objenesis/objenesis/3.3/objenesis-3.3.jar:/Users/raniket/.m2/repository/org/mockito/mockito-junit-jupiter/5.7.0/mockito-junit-jupiter-5.7.0.jar:/Users/raniket/.m2/repository/org/skyscreamer/jsonassert/1.5.1/jsonassert-1.5.1.jar:/Users/raniket/.m2/repository/com/vaadin/external/google/android-json/0.0.20131108.vaadin1/android-json-0.0.20131108.vaadin1.jar:/Users/raniket/.m2/repository/org/springframework/spring-core/6.1.3/spring-core-6.1.3.jar:/Users/raniket/.m2/repository/org/springframework/spring-jcl/6.1.3/spring-jcl-6.1.3.jar:/Users/raniket/.m2/repository/org/springframework/spring-test/6.1.3/spring-test-6.1.3.jar:/Users/raniket/.m2/repository/org/xmlunit/xmlunit-core/2.9.1/xmlunit-core-2.9.1.jar:/Users/raniket/.m2/repository/org/projectlombok/lombok/1.18.30/lombok-1.18.30.jar:/Users/raniket/.m2/repository/org/fusesource/jansi/jansi/2.3.2/jansi-2.3.2.jar:/Users/raniket/.m2/repository/org/apache/commons/commons-text/1.9/commons-text-1.9.jar:/Users/raniket/.m2/repository/org/apache/commons/commons-lang3/3.13.0/commons-lang3-3.13.0.jar:/Users/raniket/.m2/repository/fr/bmartel/jspeedtest/1.30.1/jspeedtest-1.30.1.jar:/Users/raniket/.m2/repository/commons-net/commons-net/3.6/commons-net-3.6.jar:/Users/raniket/.m2/repository/fr/bmartel/http-endec/1.04/http-endec-1.04.jar:/Users/raniket/.m2/repository/com/google/guava/guava/19.0/guava-19.0.jar:/Users/raniket/.m2/repository/junit/junit/4.13.2/junit-4.13.2.jar:/Users/raniket/.m2/repository/org/hamcrest/hamcrest-core/2.2/hamcrest-core-2.2.jar:/Users/raniket/.m2/repository/com/fasterxml/jackson/core/jackson-databind/2.12.1/jackson-databind-2.12.1.jar:/Users/raniket/.m2/repository/com/fasterxml/jackson/core/jackson-annotations/2.15.3/jackson-annotations-2.15.3.jar:/Users/raniket/.m2/repository/com/fasterxml/jackson/core/jackson-core/2.12.1/jackson-core-2.12.1.jar:"/>
    <property name="sun.cpu.endian" value="little"/>
    <property name="user.home" value="/Users/raniket"/>
    <property name="user.language" value="en"/>
    <property name="java.specification.vendor" value="Oracle Corporation"/>
    <property name="java.version.date" value="2023-10-17"/>
    <property name="java.home" value="/Library/Java/JavaVirtualMachines/jdk-17.jdk/Contents/Home"/>
    <property name="file.separator" value="/"/>
    <property name="basedir" value="/Users/raniket/IdeaProjects/quick-mac"/>
    <property name="java.vm.compressedOopsMode" value="Zero based"/>
    <property name="line.separator" value="&#10;"/>
    <property name="java.vm.specification.vendor" value="Oracle Corporation"/>
    <property name="java.specification.name" value="Java Platform API Specification"/>
    <property name="java.awt.headless" value="false"/>
    <property name="surefire.real.class.path" value="/Users/raniket/IdeaProjects/quick-mac/target/surefire/surefirebooter-20240409142804995_3.jar"/>
    <property name="sun.management.compiler" value="HotSpot 64-Bit Tiered Compilers"/>
    <property name="java.runtime.version" value="17.0.9+11-LTS-201"/>
    <property name="user.name" value="raniket"/>
    <property name="path.separator" value=":"/>
    <property name="os.version" value="14.4"/>
    <property name="java.runtime.name" value="Java(TM) SE Runtime Environment"/>
    <property name="file.encoding" value="UTF-8"/>
    <property name="java.vm.name" value="Java HotSpot(TM) 64-Bit Server VM"/>
    <property name="localRepository" value="/Users/raniket/.m2/repository"/>
    <property name="java.vendor.url.bug" value="https://bugreport.java.com/bugreport/"/>
    <property name="java.io.tmpdir" value="/var/folders/mf/l5jd5hkn3fv1v53tzy0wfv2c0000gp/T/"/>
    <property name="java.version" value="17.0.9"/>
    <property name="user.dir" value="/Users/raniket/IdeaProjects/quick-mac"/>
    <property name="os.arch" value="x86_64"/>
    <property name="java.vm.specification.name" value="Java Virtual Machine Specification"/>
    <property name="native.encoding" value="UTF-8"/>
    <property name="java.library.path" value="/Users/raniket/Library/Java/Extensions:/Library/Java/Extensions:/Network/Library/Java/Extensions:/System/Library/Java/Extensions:/usr/lib/java:."/>
    <property name="java.vm.info" value="mixed mode, sharing"/>
    <property name="java.vendor" value="Oracle Corporation"/>
    <property name="java.vm.version" value="17.0.9+11-LTS-201"/>
    <property name="sun.io.unicode.encoding" value="UnicodeBig"/>
    <property name="java.class.version" value="61.0"/>
  </properties>
  <testcase name="testMap" classname="org.aniket.quick.mac.cache.ProcessApplicationMappingTest" time="0.018"/>
</testsuite>